<?xml version="1.0" encoding="UTF-8"?>
<testng-results skipped="0" failed="0" total="2" passed="2">
  <reporter-output>
  </reporter-output>
  <suite name="Suite" duration-ms="42072" started-at="2021-03-26T11:02:56Z" finished-at="2021-03-26T11:03:38Z">
    <groups>
    </groups>
    <test name="Test" duration-ms="42072" started-at="2021-03-26T11:02:56Z" finished-at="2021-03-26T11:03:38Z">
      <class name="com.cosacs.TestCases.COS65_Service_SuppliersAndCOS66_Service_SupplierContractualCosts">
        <test-method status="PASS" signature="launchChrome(java.lang.String)[pri:0, instance:com.cosacs.TestCases.COS65_Service_SuppliersAndCOS66_Service_SupplierContractualCosts@4bb4de6a]" name="launchChrome" is-config="true" duration-ms="5313" started-at="2021-03-26T07:02:56Z" finished-at="2021-03-26T07:03:02Z">
          <params>
            <param index="0">
              <value>
                <![CDATA[chrome]]>
              </value>
            </param>
          </params>
          <reporter-output>
          </reporter-output>
        </test-method> <!-- launchChrome -->
        <test-method status="PASS" signature="Suppliers()[pri:0, instance:com.cosacs.TestCases.COS65_Service_SuppliersAndCOS66_Service_SupplierContractualCosts@4bb4de6a]" name="Suppliers" duration-ms="21695" started-at="2021-03-26T07:03:02Z" finished-at="2021-03-26T07:03:23Z">
          <reporter-output>
          </reporter-output>
        </test-method> <!-- Suppliers -->
        <test-method status="PASS" signature="SupplierContractualCosts()[pri:1, instance:com.cosacs.TestCases.COS65_Service_SuppliersAndCOS66_Service_SupplierContractualCosts@4bb4de6a]" name="SupplierContractualCosts" duration-ms="15011" started-at="2021-03-26T07:03:23Z" finished-at="2021-03-26T07:03:38Z">
          <reporter-output>
          </reporter-output>
        </test-method> <!-- SupplierContractualCosts -->
      </class> <!-- com.cosacs.TestCases.COS65_Service_SuppliersAndCOS66_Service_SupplierContractualCosts -->
    </test> <!-- Test -->
  </suite> <!-- Suite -->
</testng-results>
