<?xml version="1.0" encoding="UTF-8"?>
<!-- Generated by org.testng.reporters.JUnitXMLReporter -->
<testsuite hostname="LAPTOP-FQJ2DVAE" ignored="0" name="COS01_LocationCreation Test" tests="2" failures="0" timestamp="23 Sep 2020 07:12:41 GMT" time="36.863" errors="0">
  <testcase name="createLocation_Test" time="19.82" classname="com.cosacs.TestCases.COS01_LocationCreation"/>
  <testcase name="searchLocation_Test" time="5.083" classname="com.cosacs.TestCases.COS01_LocationCreation"/>
</testsuite> <!-- COS01_LocationCreation Test -->
