<?xml version="1.0" encoding="UTF-8"?>
<!-- Generated by org.testng.reporters.JUnitXMLReporter -->
<testsuite hostname="LAPTOP-FQJ2DVAE" ignored="0" name="COS04_LocalVendorCreation Test" tests="2" failures="0" timestamp="23 Sep 2020 07:13:31 GMT" time="49.594" errors="0">
  <testcase name="createVendor_Test" time="28.499" classname="com.cosacs.TestCases.COS04_LocalVendorCreation"/>
  <testcase name="SearchVendor_Test" time="4.276" classname="com.cosacs.TestCases.COS04_LocalVendorCreation"/>
</testsuite> <!-- COS04_LocalVendorCreation Test -->
