<?xml version="1.0" encoding="UTF-8"?>
<!-- Generated by org.testng.reporters.JUnitXMLReporter -->
<testsuite hostname="LAPTOP-FQJ2DVAE" ignored="0" name="COS17_GoodsReceipt Test" tests="2" failures="0" timestamp="23 Sep 2020 10:13:57 GMT" time="64.386" errors="0">
  <testcase name="create_GoodsRcpt" time="13.944" classname="com.cosacs.TestCases.COS17_GoodsReceipt"/>
  <testcase name="GoodsRecieptForm" time="38.837" classname="com.cosacs.TestCases.COS17_GoodsReceipt"/>
</testsuite> <!-- COS17_GoodsReceipt Test -->
